--------------
/*!40101 SET @OLD_CHARACTER_SET_CLIENT=@@CHARACTER_SET_CLIENT */
--------------

Query OK, 0 rows affected (0.00 sec)

--------------
/*!40101 SET @OLD_CHARACTER_SET_RESULTS=@@CHARACTER_SET_RESULTS */
--------------

Query OK, 0 rows affected (0.00 sec)

--------------
/*!40101 SET @OLD_COLLATION_CONNECTION=@@COLLATION_CONNECTION */
--------------

Query OK, 0 rows affected (0.00 sec)

--------------
/*!40101 SET NAMES utf8 */
--------------

Query OK, 0 rows affected (0.00 sec)

--------------
/*!40103 SET @OLD_TIME_ZONE=@@TIME_ZONE */
--------------

Query OK, 0 rows affected (0.00 sec)

--------------
/*!40103 SET TIME_ZONE='+00:00' */
--------------

Query OK, 0 rows affected (0.00 sec)

--------------
/*!40014 SET @OLD_UNIQUE_CHECKS=@@UNIQUE_CHECKS, UNIQUE_CHECKS=0 */
--------------

Query OK, 0 rows affected (0.00 sec)

--------------
/*!40014 SET @OLD_FOREIGN_KEY_CHECKS=@@FOREIGN_KEY_CHECKS, FOREIGN_KEY_CHECKS=0 */
--------------

Query OK, 0 rows affected (0.00 sec)

--------------
/*!40101 SET @OLD_SQL_MODE=@@SQL_MODE, SQL_MODE='NO_AUTO_VALUE_ON_ZERO' */
--------------

Query OK, 0 rows affected, 1 warning (0.00 sec)

--------------
/*!40111 SET @OLD_SQL_NOTES=@@SQL_NOTES, SQL_NOTES=0 */
--------------

Query OK, 0 rows affected (0.00 sec)

--------------
DROP TABLE IF EXISTS `teams`
--------------

Bye
